<?xml version="1.0" encoding="UTF-8"?>
<testng-results ignored="0" total="2" passed="2" failed="0" skipped="0">
  <reporter-output>
  </reporter-output>
  <suite started-at="2024-02-18T17:12:18 NZDT" name="Default suite" finished-at="2024-02-18T17:12:21 NZDT" duration-ms="3380">
    <groups>
    </groups>
    <test started-at="2024-02-18T17:12:18 NZDT" name="Default test" finished-at="2024-02-18T17:12:21 NZDT" duration-ms="3380">
      <class name="test_pages.LoginTest">
        <test-method signature="goTologin()[pri:0, instance:test_pages.LoginTest@3270d194]" started-at="2024-02-18T17:12:18 NZDT" name="goTologin" finished-at="2024-02-18T17:12:20 NZDT" duration-ms="2616" status="PASS">
          <reporter-output>
          </reporter-output>
        </test-method> <!-- goTologin -->
        <test-method signature="validateLogin()[pri:0, instance:test_pages.LoginTest@3270d194]" started-at="2024-02-18T17:12:20 NZDT" name="validateLogin" finished-at="2024-02-18T17:12:21 NZDT" duration-ms="649" status="PASS">
          <reporter-output>
          </reporter-output>
        </test-method> <!-- validateLogin -->
        <test-method is-config="true" signature="tearDown()[pri:0, instance:test_pages.LoginTest@3270d194]" started-at="2024-02-18T17:12:21 NZDT" name="tearDown" finished-at="2024-02-18T17:12:21 NZDT" duration-ms="87" status="PASS">
          <reporter-output>
          </reporter-output>
        </test-method> <!-- tearDown -->
      </class> <!-- test_pages.LoginTest -->
    </test> <!-- Default test -->
  </suite> <!-- Default suite -->
</testng-results>
