<?xml version="1.0" encoding="UTF-8"?>
<testng-results ignored="0" total="2" passed="2" failed="0" skipped="0">
  <reporter-output>
  </reporter-output>
  <suite started-at="2024-02-18T19:30:25 NZDT" name="Default suite" finished-at="2024-02-18T19:30:51 NZDT" duration-ms="25956">
    <groups>
    </groups>
    <test started-at="2024-02-18T19:30:25 NZDT" name="Default test" finished-at="2024-02-18T19:30:51 NZDT" duration-ms="25956">
      <class name="test_pages.LoginTest">
        <test-method is-config="true" signature="openBrowser()[pri:0, instance:test_pages.LoginTest@443118b0]" started-at="2024-02-18T19:30:25 NZDT" name="openBrowser" finished-at="2024-02-18T19:30:27 NZDT" duration-ms="2263" status="PASS">
          <reporter-output>
          </reporter-output>
        </test-method> <!-- openBrowser -->
        <test-method signature="validateLogin(java.lang.String,java.lang.String)[pri:0, instance:test_pages.LoginTest@443118b0]" started-at="2024-02-18T19:30:27 NZDT" name="validateLogin" data-provider="getloginData" finished-at="2024-02-18T19:30:28 NZDT" duration-ms="937" status="PASS">
          <params>
            <param index="0">
              <value>
                <![CDATA[xetsumit@gmail.com]]>
              </value>
            </param>
            <param index="1">
              <value>
                <![CDATA[Testing@12]]>
              </value>
            </param>
          </params>
          <reporter-output>
          </reporter-output>
        </test-method> <!-- validateLogin -->
        <test-method is-config="true" signature="tearDown()[pri:0, instance:test_pages.LoginTest@443118b0]" started-at="2024-02-18T19:30:28 NZDT" name="tearDown" finished-at="2024-02-18T19:30:28 NZDT" duration-ms="76" status="PASS">
          <reporter-output>
          </reporter-output>
        </test-method> <!-- tearDown -->
        <test-method is-config="true" signature="openBrowser()[pri:0, instance:test_pages.LoginTest@443118b0]" started-at="2024-02-18T19:30:28 NZDT" name="openBrowser" finished-at="2024-02-18T19:30:30 NZDT" duration-ms="1751" status="PASS">
          <reporter-output>
          </reporter-output>
        </test-method> <!-- openBrowser -->
        <test-method signature="validateLogin(java.lang.String,java.lang.String)[pri:0, instance:test_pages.LoginTest@443118b0]" started-at="2024-02-18T19:30:30 NZDT" name="validateLogin" data-provider="getloginData" finished-at="2024-02-18T19:30:51 NZDT" duration-ms="20809" status="PASS">
          <params>
            <param index="0">
              <value>
                <![CDATA[wrong@gmail.com]]>
              </value>
            </param>
            <param index="1">
              <value>
                <![CDATA[wrongpassword]]>
              </value>
            </param>
          </params>
          <reporter-output>
          </reporter-output>
        </test-method> <!-- validateLogin -->
        <test-method is-config="true" signature="tearDown()[pri:0, instance:test_pages.LoginTest@443118b0]" started-at="2024-02-18T19:30:51 NZDT" name="tearDown" finished-at="2024-02-18T19:30:51 NZDT" duration-ms="88" status="PASS">
          <reporter-output>
          </reporter-output>
        </test-method> <!-- tearDown -->
      </class> <!-- test_pages.LoginTest -->
    </test> <!-- Default test -->
  </suite> <!-- Default suite -->
</testng-results>
